<?xml version="1.0" encoding="UTF-8"?>
<robot generator="Robot 7.2.2 (Python 3.13.2 on win32)" generated="2025-04-27T22:16:42.386046" rpa="false" schemaversion="5">
<suite id="s1" name="Quiz" source="C:\Users\this PC\OneDrive\Desktop\Work\Bewell_automated\Quiz.robot">
<test id="s1-t1" name="TC-001 Add item to Cart Car Seat Back Cushion" line="55">
<kw name="Open Web Car Seat">
<kw name="Open Browser" owner="SeleniumLibrary">
<msg time="2025-04-27T22:16:42.572167" level="INFO">Opening browser 'edge' to base url 'https://www.bewellstyle.com/product/car-seat-cushion/'.</msg>
<arg>https://www.bewellstyle.com/product/car-seat-cushion/</arg>
<arg>edge</arg>
<doc>Opens a new browser instance to the optional ``url``.</doc>
<status status="PASS" start="2025-04-27T22:16:42.571964" elapsed="3.449841"/>
</kw>
<kw name="Maximize Browser Window" owner="SeleniumLibrary">
<doc>Maximizes current browser window.</doc>
<status status="PASS" start="2025-04-27T22:16:46.022016" elapsed="0.052611"/>
</kw>
<status status="PASS" start="2025-04-27T22:16:42.571386" elapsed="3.503354"/>
</kw>
<kw name="Add to Cart Car Seat Back Cushion">
<kw name="Click Element" owner="SeleniumLibrary">
<msg time="2025-04-27T22:16:46.075787" level="INFO">Clicking element 'css = body &gt; div.website-wrapper &gt; header &gt; div.container &gt; div &gt; div.right-column &gt; div.search-button.basel-search-dropdown &gt; a &gt; i'.</msg>
<arg>${search}</arg>
<doc>Click the element identified by ``locator``.</doc>
<status status="PASS" start="2025-04-27T22:16:46.075519" elapsed="0.078930"/>
</kw>
<kw name="Input Text" owner="SeleniumLibrary">
<msg time="2025-04-27T22:16:46.154918" level="INFO">Typing text 'car seat' into text field 'id = s'.</msg>
<msg time="2025-04-27T22:16:46.368873" level="INFO" html="true">&lt;/td&gt;&lt;/tr&gt;&lt;tr&gt;&lt;td colspan="3"&gt;&lt;a href="selenium-screenshot-13.png"&gt;&lt;img src="selenium-screenshot-13.png" width="800px"&gt;&lt;/a&gt;</msg>
<msg time="2025-04-27T22:16:46.369041" level="FAIL">ElementNotInteractableException: Message: element not interactable
  (Session info: MicrosoftEdge=135.0.3179.98)
Stacktrace:
	GetHandleVerifier [0x00007FF69B647A55+24981]
	Microsoft::Applications::Events::ILogConfiguration::operator* [0x00007FF69B59AC60+444240]
	(No symbol) [0x00007FF69B36BB20]
	(No symbol) [0x00007FF69B3B03B6]
	(No symbol) [0x00007FF69B3D909A]
	(No symbol) [0x00007FF69B3AE13D]
	(No symbol) [0x00007FF69B3ADFFD]
	(No symbol) [0x00007FF69B3D9360]
	(No symbol) [0x00007FF69B3AE13D]
	(No symbol) [0x00007FF69B3F67E8]
	(No symbol) [0x00007FF69B3D8E03]
	(No symbol) [0x00007FF69B3AD686]
	(No symbol) [0x00007FF69B3ACB92]
	(No symbol) [0x00007FF69B3AD4B3]
	(No symbol) [0x00007FF69B4A900D]
	Microsoft::Applications::Events::EventProperty::~EventProperty [0x00007FF69B4B6943+41539]
	Microsoft::Applications::Events::EventProperty::~EventProperty [0x00007FF69B4AFC79+13689]
	Microsoft::Applications::Events::EventProperty::to_string [0x00007FF69B72A04A+290794]
	Microsoft::Applications::Events::ILogConfiguration::operator* [0x00007FF69B5A7D31+497697]
	Microsoft::Applications::Events::ILogConfiguration::operator* [0x00007FF69B5A0BB4+468644]
	Microsoft::Applications::Events::ILogConfiguration::operator* [0x00007FF69B5A0D03+468979]
	Microsoft::Applications::Events::ILogConfiguration::operator* [0x00007FF69B592E16+411910]
	BaseThreadInitThunk [0x00007FFCB1D5257D+29]
	RtlUserThreadStart [0x00007FFCB320AA58+40]
</msg>
<arg>${search_field}</arg>
<arg>car seat</arg>
<doc>Types the given ``text`` into the text field identified by ``locator``.</doc>
<status status="FAIL" start="2025-04-27T22:16:46.154649" elapsed="0.262308">ElementNotInteractableException: Message: element not interactable
  (Session info: MicrosoftEdge=135.0.3179.98)
Stacktrace:
	GetHandleVerifier [0x00007FF69B647A55+24981]
	Microsoft::Applications::Events::ILogConfiguration::operator* [0x00007FF69B59AC60+444240]
	(No symbol) [0x00007FF69B36BB20]
	(No symbol) [0x00007FF69B3B03B6]
	(No symbol) [0x00007FF69B3D909A]
	(No symbol) [0x00007FF69B3AE13D]
	(No symbol) [0x00007FF69B3ADFFD]
	(No symbol) [0x00007FF69B3D9360]
	(No symbol) [0x00007FF69B3AE13D]
	(No symbol) [0x00007FF69B3F67E8]
	(No symbol) [0x00007FF69B3D8E03]
	(No symbol) [0x00007FF69B3AD686]
	(No symbol) [0x00007FF69B3ACB92]
	(No symbol) [0x00007FF69B3AD4B3]
	(No symbol) [0x00007FF69B4A900D]
	Microsoft::Applications::Events::EventProperty::~EventProperty [0x00007FF69B4B6943+41539]
	Microsoft::Applications::Events::EventProperty::~EventProperty [0x00007FF69B4AFC79+13689]
	Microsoft::Applications::Events::EventProperty::to_string [0x00007FF69B72A04A+290794]
	Microsoft::Applications::Events::ILogConfiguration::operator* [0x00007FF69B5A7D31+497697]
	Microsoft::Applications::Events::ILogConfiguration::operator* [0x00007FF69B5A0BB4+468644]
	Microsoft::Applications::Events::ILogConfiguration::operator* [0x00007FF69B5A0D03+468979]
	Microsoft::Applications::Events::ILogConfiguration::operator* [0x00007FF69B592E16+411910]
	BaseThreadInitThunk [0x00007FFCB1D5257D+29]
	RtlUserThreadStart [0x00007FFCB320AA58+40]
</status>
</kw>
<kw name="Click Button" owner="SeleniumLibrary">
<arg>${search_button}</arg>
<doc>Clicks the button identified by ``locator``.</doc>
<status status="NOT RUN" start="2025-04-27T22:16:46.417117" elapsed="0.000027"/>
</kw>
<status status="FAIL" start="2025-04-27T22:16:46.074977" elapsed="0.342276">ElementNotInteractableException: Message: element not interactable
  (Session info: MicrosoftEdge=135.0.3179.98)
Stacktrace:
	GetHandleVerifier [0x00007FF69B647A55+24981]
	Microsoft::Applications::Events::ILogConfiguration::operator* [0x00007FF69B59AC60+444240]
	(No symbol) [0x00007FF69B36BB20]
	(No symbol) [0x00007FF69B3B03B6]
	(No symbol) [0x00007FF69B3D909A]
	(No symbol) [0x00007FF69B3AE13D]
	(No symbol) [0x00007FF69B3ADFFD]
	(No symbol) [0x00007FF69B3D9360]
	(No symbol) [0x00007FF69B3AE13D]
	(No symbol) [0x00007FF69B3F67E8]
	(No symbol) [0x00007FF69B3D8E03]
	(No symbol) [0x00007FF69B3AD686]
	(No symbol) [0x00007FF69B3ACB92]
	(No symbol) [0x00007FF69B3AD4B3]
	(No symbol) [0x00007FF69B4A900D]
	Microsoft::Applications::Events::EventProperty::~EventProperty [0x00007FF69B4B6943+41539]
	Microsoft::Applications::Events::EventProperty::~EventProperty [0x00007FF69B4AFC79+13689]
	Microsoft::Applications::Events::EventProperty::to_string [0x00007FF69B72A04A+290794]
	Microsoft::Applications::Events::ILogConfiguration::operator* [0x00007FF69B5A7D31+497697]
	Microsoft::Applications::Events::ILogConfiguration::operator* [0x00007FF69B5A0BB4+468644]
	Microsoft::Applications::Events::ILogConfiguration::operator* [0x00007FF69B5A0D03+468979]
	Microsoft::Applications::Events::ILogConfiguration::operator* [0x00007FF69B592E16+411910]
	BaseThreadInitThunk [0x00007FFCB1D5257D+29]
	RtlUserThreadStart [0x00007FFCB320AA58+40]
</status>
</kw>
<kw name="Close Browser" owner="SeleniumLibrary">
<doc>Closes the current browser.</doc>
<status status="NOT RUN" start="2025-04-27T22:16:46.417474" elapsed="0.000030"/>
</kw>
<status status="FAIL" start="2025-04-27T22:16:42.570878" elapsed="3.846796">ElementNotInteractableException: Message: element not interactable
  (Session info: MicrosoftEdge=135.0.3179.98)
Stacktrace:
	GetHandleVerifier [0x00007FF69B647A55+24981]
	Microsoft::Applications::Events::ILogConfiguration::operator* [0x00007FF69B59AC60+444240]
	(No symbol) [0x00007FF69B36BB20]
	(No symbol) [0x00007FF69B3B03B6]
	(No symbol) [0x00007FF69B3D909A]
	(No symbol) [0x00007FF69B3AE13D]
	(No symbol) [0x00007FF69B3ADFFD]
	(No symbol) [0x00007FF69B3D9360]
	(No symbol) [0x00007FF69B3AE13D]
	(No symbol) [0x00007FF69B3F67E8]
	(No symbol) [0x00007FF69B3D8E03]
	(No symbol) [0x00007FF69B3AD686]
	(No symbol) [0x00007FF69B3ACB92]
	(No symbol) [0x00007FF69B3AD4B3]
	(No symbol) [0x00007FF69B4A900D]
	Microsoft::Applications::Events::EventProperty::~EventProperty [0x00007FF69B4B6943+41539]
	Microsoft::Applications::Events::EventProperty::~EventProperty [0x00007FF69B4AFC79+13689]
	Microsoft::Applications::Events::EventProperty::to_string [0x00007FF69B72A04A+290794]
	Microsoft::Applications::Events::ILogConfiguration::operator* [0x00007FF69B5A7D31+497697]
	Microsoft::Applications::Events::ILogConfiguration::operator* [0x00007FF69B5A0BB4+468644]
	Microsoft::Applications::Events::ILogConfiguration::operator* [0x00007FF69B5A0D03+468979]
	Microsoft::Applications::Events::ILogConfiguration::operator* [0x00007FF69B592E16+411910]
	BaseThreadInitThunk [0x00007FFCB1D5257D+29]
	RtlUserThreadStart [0x00007FFCB320AA58+40]
</status>
</test>
<test id="s1-t2" name="TC-002 Add item to Cart Healthy Back" line="60">
<kw name="Open Web Healthy Back">
<kw name="Set Selenium Speed" owner="SeleniumLibrary">
<arg>0.5s</arg>
<doc>Sets the delay that is waited after each Selenium command.</doc>
<status status="PASS" start="2025-04-27T22:16:46.418749" elapsed="0.000153"/>
</kw>
<kw name="Open Browser" owner="SeleniumLibrary">
<msg time="2025-04-27T22:16:46.419084" level="INFO">Opening browser 'edge' to base url 'https://www.bewellstyle.com/product/bewell-healthy-back/'.</msg>
<arg>https://www.bewellstyle.com/product/bewell-healthy-back/</arg>
<arg>edge</arg>
<doc>Opens a new browser instance to the optional ``url``.</doc>
<status status="PASS" start="2025-04-27T22:16:46.418988" elapsed="7.632101"/>
</kw>
<kw name="Maximize Browser Window" owner="SeleniumLibrary">
<doc>Maximizes current browser window.</doc>
<status status="PASS" start="2025-04-27T22:16:54.051252" elapsed="0.566706"/>
</kw>
<status status="PASS" start="2025-04-27T22:16:46.418591" elapsed="8.199472"/>
</kw>
<kw name="Add to Cart Healthy Back">
<kw name="Click Element" owner="SeleniumLibrary">
<msg time="2025-04-27T22:16:54.618624" level="INFO">Clicking element 'id = pa_color'.</msg>
<arg>${back_color}</arg>
<doc>Click the element identified by ``locator``.</doc>
<status status="PASS" start="2025-04-27T22:16:54.618473" elapsed="1.056250"/>
</kw>
<kw name="Select From List By Index" owner="SeleniumLibrary">
<msg time="2025-04-27T22:16:55.675581" level="INFO">Selecting options from selection list 'id = pa_color' by index 2.</msg>
<arg>${back_color}</arg>
<arg>2</arg>
<doc>Selects options from selection list ``locator`` by ``indexes``.</doc>
<status status="PASS" start="2025-04-27T22:16:55.675179" elapsed="5.659182"/>
</kw>
<kw name="Click Button" owner="SeleniumLibrary">
<msg time="2025-04-27T22:17:01.334706" level="INFO">Clicking button '(//Button[text()="หยิบใส่ตะกร้า"])'.</msg>
<arg>${button_pa}</arg>
<doc>Clicks the button identified by ``locator``.</doc>
<status status="PASS" start="2025-04-27T22:17:01.334524" elapsed="5.498330"/>
</kw>
<status status="PASS" start="2025-04-27T22:16:54.618279" elapsed="12.214681"/>
</kw>
<kw name="Close Browser" owner="SeleniumLibrary">
<doc>Closes the current browser.</doc>
<status status="PASS" start="2025-04-27T22:17:06.833145" elapsed="2.597071"/>
</kw>
<status status="PASS" start="2025-04-27T22:16:46.418332" elapsed="23.012324"/>
</test>
<test id="s1-t3" name="TC-003 Add item to Cart Cool Blanket" line="65">
<kw name="Open Web Cool Blanket">
<kw name="Set Selenium Speed" owner="SeleniumLibrary">
<arg>0.5s</arg>
<doc>Sets the delay that is waited after each Selenium command.</doc>
<status status="PASS" start="2025-04-27T22:17:09.432199" elapsed="0.000326"/>
</kw>
<kw name="Open Browser" owner="SeleniumLibrary">
<msg time="2025-04-27T22:17:09.432940" level="INFO">Opening browser 'edge' to base url 'https://www.bewellstyle.com/product/cool-blanket/'.</msg>
<arg>https://www.bewellstyle.com/product/cool-blanket/</arg>
<arg>edge</arg>
<doc>Opens a new browser instance to the optional ``url``.</doc>
<status status="PASS" start="2025-04-27T22:17:09.432731" elapsed="7.328929"/>
</kw>
<kw name="Maximize Browser Window" owner="SeleniumLibrary">
<doc>Maximizes current browser window.</doc>
<status status="PASS" start="2025-04-27T22:17:16.761948" elapsed="0.562597"/>
</kw>
<status status="PASS" start="2025-04-27T22:17:09.431828" elapsed="7.893270"/>
</kw>
<kw name="Add to Cart Cool Blanket">
<kw name="Click Element" owner="SeleniumLibrary">
<msg time="2025-04-27T22:17:17.327279" level="INFO">Clicking element 'id = %e0%b8%aa%e0%b8%b5'.</msg>
<arg>${color_cb}</arg>
<doc>Click the element identified by ``locator``.</doc>
<status status="PASS" start="2025-04-27T22:17:17.327030" elapsed="1.057972"/>
</kw>
<kw name="Select From List By Index" owner="SeleniumLibrary">
<msg time="2025-04-27T22:17:18.385749" level="INFO">Selecting options from selection list 'id = %e0%b8%aa%e0%b8%b5' by index 1.</msg>
<arg>${color_cb}</arg>
<arg>1</arg>
<doc>Selects options from selection list ``locator`` by ``indexes``.</doc>
<status status="PASS" start="2025-04-27T22:17:18.385470" elapsed="5.114293"/>
</kw>
<kw name="Click Element" owner="SeleniumLibrary">
<msg time="2025-04-27T22:17:23.501345" level="INFO">Clicking element 'id = %e0%b8%82%e0%b8%99%e0%b8%b2%e0%b8%94'.</msg>
<arg>${size_cb}</arg>
<doc>Click the element identified by ``locator``.</doc>
<status status="PASS" start="2025-04-27T22:17:23.500241" elapsed="1.102698"/>
</kw>
<kw name="Select From List By Index" owner="SeleniumLibrary">
<msg time="2025-04-27T22:17:24.603735" level="INFO">Selecting options from selection list 'id = %e0%b8%82%e0%b8%99%e0%b8%b2%e0%b8%94' by index 2.</msg>
<arg>${size_cb}</arg>
<arg>2</arg>
<doc>Selects options from selection list ``locator`` by ``indexes``.</doc>
<status status="PASS" start="2025-04-27T22:17:24.603229" elapsed="5.638706"/>
</kw>
<kw name="Click Button" owner="SeleniumLibrary">
<msg time="2025-04-27T22:17:30.244315" level="INFO">Clicking button '(//Button[text()="หยิบใส่ตะกร้า"])'.</msg>
<arg>${button_cb}</arg>
<doc>Clicks the button identified by ``locator``.</doc>
<status status="PASS" start="2025-04-27T22:17:30.243072" elapsed="5.732879"/>
</kw>
<status status="PASS" start="2025-04-27T22:17:17.326359" elapsed="18.649699"/>
</kw>
<kw name="Close Browser" owner="SeleniumLibrary">
<doc>Closes the current browser.</doc>
<status status="PASS" start="2025-04-27T22:17:35.976238" elapsed="2.564125"/>
</kw>
<status status="PASS" start="2025-04-27T22:17:09.431249" elapsed="29.109406"/>
</test>
<status status="FAIL" start="2025-04-27T22:16:42.386994" elapsed="56.154202"/>
</suite>
<statistics>
<total>
<stat pass="2" fail="1" skip="0">All Tests</stat>
</total>
<tag>
</tag>
<suite>
<stat name="Quiz" id="s1" pass="2" fail="1" skip="0">Quiz</stat>
</suite>
</statistics>
<errors>
</errors>
</robot>
